<html>
<head>
<title>TestNG:  GENA</title>
<link href="../testng.css" rel="stylesheet" type="text/css" />
<link href="../my-testng.css" rel="stylesheet" type="text/css" />

<style type="text/css">
.log { display: none;} 
.stack-trace { display: none;} 
</style>
<script type="text/javascript">
<!--
function flip(e) {
  current = e.style.display;
  if (current == 'block') {
    e.style.display = 'none';
    return 0;
  }
  else {
    e.style.display = 'block';
    return 1;
  }
}

function toggleBox(szDivId, elem, msg1, msg2)
{
  var res = -1;  if (document.getElementById) {
    res = flip(document.getElementById(szDivId));
  }
  else if (document.all) {
    // this is the way old msie versions work
    res = flip(document.all[szDivId]);
  }
  if(elem) {
    if(res == 0) elem.innerHTML = msg1; else elem.innerHTML = msg2;
  }

}

function toggleAllBoxes() {
  if (document.getElementsByTagName) {
    d = document.getElementsByTagName('div');
    for (i = 0; i < d.length; i++) {
      if (d[i].className == 'log') {
        flip(d[i]);
      }
    }
  }
}

// -->
</script>

</head>
<body>
<h2 align='center'>GENA</h2><table border='1' align="center">
<tr>
<td>Tests passed/Failed/Skipped:</td><td>22/0/0</td>
</tr><tr>
<td>Started on:</td><td>Thu Nov 30 00:21:24 ICT 2017</td>
</tr>
<tr><td>Total time:</td><td>3 seconds (3252 ms)</td>
</tr><tr>
<td>Included groups:</td><td></td>
</tr><tr>
<td>Excluded groups:</td><td></td>
</tr>
</table><p/>
<small><i>(Hover the method name to see the test class name)</i></small><p/>
<table width='100%' border='1' class='invocation-passed'>
<tr><td colspan='4' align='center'><b>PASSED TESTS</b></td></tr>
<tr><td><b>Test method</b></td>
<td width="30%"><b>Exception</b></td>
<td width="10%"><b>Time (seconds)</b></td>
<td><b>Instance</b></td>
</tr>
<tr>
<td title='org.fourthline.cling.test.gena.InvalidEventXMLProcessingTest.readDefaultFailure()'><b>readDefaultFailure</b><br>Test class: org.fourthline.cling.test.gena.InvalidEventXMLProcessingTest<br>Parameters: /invalidxml/event/invalid_root_element.xml</td>
<td><div><pre>org.fourthline.cling.model.UnsupportedDataException: Can&apos;t transform message payload: Root element was not &apos;propertyset&apos;
	at org.fourthline.cling.transport.impl.GENAEventProcessorImpl.readBody(GENAEventProcessorImpl.java:108)
	at org.fourthline.cling.test.gena.InvalidEventXMLProcessingTest.read(InvalidEventXMLProcessingTest.java:177)
	at org.fourthline.cling.test.gena.InvalidEventXMLProcessingTest.readDefaultFailure(InvalidEventXMLProcessingTest.java:88)
Caused by: java.lang.RuntimeException: Root element was not &apos;propertyset&apos;
	at org.fourthline.cling.transport.impl.GENAEventProcessorImpl.readPropertysetElement(GENAEventProcessorImpl.java:124)
	at org.fourthline.cling.transport.impl.GENAEventProcessorImpl.readBody(GENAEventProcessorImpl.java:103)
	... 29 more
... Removed 27 stack frames</pre></div><a href='#' onClick='toggleBox("stack-trace21201513", this, "Click to show all stack frames", "Click to hide stack frames")'>Click to show all stack frames</a>
<div class='stack-trace' id='stack-trace21201513'><pre>org.fourthline.cling.model.UnsupportedDataException: Can&apos;t transform message payload: Root element was not &apos;propertyset&apos;
	at org.fourthline.cling.transport.impl.GENAEventProcessorImpl.readBody(GENAEventProcessorImpl.java:108)
	at org.fourthline.cling.test.gena.InvalidEventXMLProcessingTest.read(InvalidEventXMLProcessingTest.java:177)
	at org.fourthline.cling.test.gena.InvalidEventXMLProcessingTest.readDefaultFailure(InvalidEventXMLProcessingTest.java:88)
	at sun.reflect.NativeMethodAccessorImpl.invoke0(Native Method)
	at sun.reflect.NativeMethodAccessorImpl.invoke(NativeMethodAccessorImpl.java:62)
	at sun.reflect.DelegatingMethodAccessorImpl.invoke(DelegatingMethodAccessorImpl.java:43)
	at java.lang.reflect.Method.invoke(Method.java:498)
	at org.testng.internal.MethodInvocationHelper.invokeMethod(MethodInvocationHelper.java:85)
	at org.testng.internal.Invoker.invokeMethod(Invoker.java:696)
	at org.testng.internal.Invoker.invokeTestMethod(Invoker.java:882)
	at org.testng.internal.Invoker.invokeTestMethods(Invoker.java:1189)
	at org.testng.internal.TestMethodWorker.invokeTestMethods(TestMethodWorker.java:124)
	at org.testng.internal.TestMethodWorker.run(TestMethodWorker.java:108)
	at org.testng.TestRunner.privateRun(TestRunner.java:767)
	at org.testng.TestRunner.run(TestRunner.java:617)
	at org.testng.SuiteRunner.runTest(SuiteRunner.java:348)
	at org.testng.SuiteRunner.runSequentially(SuiteRunner.java:343)
	at org.testng.SuiteRunner.privateRun(SuiteRunner.java:305)
	at org.testng.SuiteRunner.run(SuiteRunner.java:254)
	at org.testng.SuiteRunnerWorker.runSuite(SuiteRunnerWorker.java:52)
	at org.testng.SuiteRunnerWorker.run(SuiteRunnerWorker.java:86)
	at org.testng.TestNG.runSuitesSequentially(TestNG.java:1224)
	at org.testng.TestNG.runSuitesLocally(TestNG.java:1149)
	at org.testng.TestNG.run(TestNG.java:1057)
	at org.apache.maven.surefire.testng.TestNGExecutor.run(TestNGExecutor.java:295)
	at org.apache.maven.surefire.testng.TestNGXmlTestSuite.execute(TestNGXmlTestSuite.java:84)
	at org.apache.maven.surefire.testng.TestNGProvider.invoke(TestNGProvider.java:90)
	at org.apache.maven.surefire.booter.ForkedBooter.invokeProviderInSameClassLoader(ForkedBooter.java:203)
	at org.apache.maven.surefire.booter.ForkedBooter.runSuitesInProcess(ForkedBooter.java:155)
	at org.apache.maven.surefire.booter.ForkedBooter.main(ForkedBooter.java:103)
Caused by: java.lang.RuntimeException: Root element was not &apos;propertyset&apos;
	at org.fourthline.cling.transport.impl.GENAEventProcessorImpl.readPropertysetElement(GENAEventProcessorImpl.java:124)
	at org.fourthline.cling.transport.impl.GENAEventProcessorImpl.readBody(GENAEventProcessorImpl.java:103)
	... 29 more
</pre></div></td>
<td>0</td>
<td>org.fourthline.cling.test.gena.InvalidEventXMLProcessingTest@3bd550</td></tr>
<tr>
<td title='org.fourthline.cling.test.gena.InvalidEventXMLProcessingTest.readPull()'><b>readPull</b><br>Test class: org.fourthline.cling.test.gena.InvalidEventXMLProcessingTest<br>Parameters: /invalidxml/event/invalid_root_element.xml</td>
<td></td>
<td>0</td>
<td>org.fourthline.cling.test.gena.InvalidEventXMLProcessingTest@3bd550</td></tr>
<tr>
<td title='org.fourthline.cling.test.gena.InvalidEventXMLProcessingTest.readRecoverableFailure()'><b>readRecoverableFailure</b><br>Test class: org.fourthline.cling.test.gena.InvalidEventXMLProcessingTest<br>Parameters: /invalidxml/event/truncated.xml</td>
<td><div><pre>org.fourthline.cling.model.UnsupportedDataException: Can&apos;t transform message payload: The element type &quot;e:propertyset&quot; must be terminated by the matching end-tag &quot;&lt;/e:propertyset&gt;&quot;.
	at org.fourthline.cling.transport.impl.GENAEventProcessorImpl.readBody(GENAEventProcessorImpl.java:108)
	at org.fourthline.cling.test.gena.InvalidEventXMLProcessingTest.read(InvalidEventXMLProcessingTest.java:177)
	at org.fourthline.cling.test.gena.InvalidEventXMLProcessingTest.readRecoverableFailure(InvalidEventXMLProcessingTest.java:94)
Caused by: org.xml.sax.SAXParseException; lineNumber: 32; columnNumber: 3; The element type &quot;e:propertyset&quot; must be terminated by the matching end-tag &quot;&lt;/e:propertyset&gt;&quot;.
	at com.sun.org.apache.xerces.internal.util.ErrorHandlerWrapper.createSAXParseException(ErrorHandlerWrapper.java:203)
	at com.sun.org.apache.xerces.internal.util.ErrorHandlerWrapper.fatalError(ErrorHandlerWrapper.java:177)
	at com.sun.org.apache.xerces.internal.impl.XMLErrorReporter.reportError(XMLErrorReporter.java:400)
	at com.sun.org.apache.xerces.internal.impl.XMLErrorReporter.reportError(XMLErrorReporter.java:327)
	at com.sun.org.apache.xerces.internal.impl.XMLScanner.reportFatalError(XMLScanner.java:1472)
	at com.sun.org.apache.xerces.internal.impl.XMLDocumentFragmentScannerImpl.scanEndElement(XMLDocumentFragmentScannerImpl.java:1749)
	at com.sun.org.apache.xerces.internal.impl.XMLDocumentFragmentScannerImpl$FragmentContentDriver.next(XMLDocumentFragmentScannerImpl.java:2967)
	at com.sun.org.apache.xerces.internal.impl.XMLDocumentScannerImpl.next(XMLDocumentScannerImpl.java:602)
	at com.sun.org.apache.xerces.internal.impl.XMLNSDocumentScannerImpl.next(XMLNSDocumentScannerImpl.java:112)
	at com.sun.org.apache.xerces.internal.impl.XMLDocumentFragmentScannerImpl.scanDocument(XMLDocumentFragmentScannerImpl.java:505)
	at com.sun.org.apache.xerces.internal.parsers.XML11Configuration.parse(XML11Configuration.java:841)
	at com.sun.org.apache.xerces.internal.parsers.XML11Configuration.parse(XML11Configuration.java:770)
	at com.sun.org.apache.xerces.internal.parsers.XMLParser.parse(XMLParser.java:141)
	at com.sun.org.apache.xerces.internal.parsers.DOMParser.parse(DOMParser.java:243)
	at com.sun.org.apache.xerces.internal.jaxp.DocumentBuilderImpl.parse(DocumentBuilderImpl.java:339)
	at org.fourthline.cling.transport.impl.GENAEventProcessorImpl.readBody(GENAEventProcessorImpl.java:99)
	... 29 more
... Removed 27 stack frames</pre></div><a href='#' onClick='toggleBox("stack-trace31094415", this, "Click to show all stack frames", "Click to hide stack frames")'>Click to show all stack frames</a>
<div class='stack-trace' id='stack-trace31094415'><pre>org.fourthline.cling.model.UnsupportedDataException: Can&apos;t transform message payload: The element type &quot;e:propertyset&quot; must be terminated by the matching end-tag &quot;&lt;/e:propertyset&gt;&quot;.
	at org.fourthline.cling.transport.impl.GENAEventProcessorImpl.readBody(GENAEventProcessorImpl.java:108)
	at org.fourthline.cling.test.gena.InvalidEventXMLProcessingTest.read(InvalidEventXMLProcessingTest.java:177)
	at org.fourthline.cling.test.gena.InvalidEventXMLProcessingTest.readRecoverableFailure(InvalidEventXMLProcessingTest.java:94)
	at sun.reflect.NativeMethodAccessorImpl.invoke0(Native Method)
	at sun.reflect.NativeMethodAccessorImpl.invoke(NativeMethodAccessorImpl.java:62)
	at sun.reflect.DelegatingMethodAccessorImpl.invoke(DelegatingMethodAccessorImpl.java:43)
	at java.lang.reflect.Method.invoke(Method.java:498)
	at org.testng.internal.MethodInvocationHelper.invokeMethod(MethodInvocationHelper.java:85)
	at org.testng.internal.Invoker.invokeMethod(Invoker.java:696)
	at org.testng.internal.Invoker.invokeTestMethod(Invoker.java:882)
	at org.testng.internal.Invoker.invokeTestMethods(Invoker.java:1189)
	at org.testng.internal.TestMethodWorker.invokeTestMethods(TestMethodWorker.java:124)
	at org.testng.internal.TestMethodWorker.run(TestMethodWorker.java:108)
	at org.testng.TestRunner.privateRun(TestRunner.java:767)
	at org.testng.TestRunner.run(TestRunner.java:617)
	at org.testng.SuiteRunner.runTest(SuiteRunner.java:348)
	at org.testng.SuiteRunner.runSequentially(SuiteRunner.java:343)
	at org.testng.SuiteRunner.privateRun(SuiteRunner.java:305)
	at org.testng.SuiteRunner.run(SuiteRunner.java:254)
	at org.testng.SuiteRunnerWorker.runSuite(SuiteRunnerWorker.java:52)
	at org.testng.SuiteRunnerWorker.run(SuiteRunnerWorker.java:86)
	at org.testng.TestNG.runSuitesSequentially(TestNG.java:1224)
	at org.testng.TestNG.runSuitesLocally(TestNG.java:1149)
	at org.testng.TestNG.run(TestNG.java:1057)
	at org.apache.maven.surefire.testng.TestNGExecutor.run(TestNGExecutor.java:295)
	at org.apache.maven.surefire.testng.TestNGXmlTestSuite.execute(TestNGXmlTestSuite.java:84)
	at org.apache.maven.surefire.testng.TestNGProvider.invoke(TestNGProvider.java:90)
	at org.apache.maven.surefire.booter.ForkedBooter.invokeProviderInSameClassLoader(ForkedBooter.java:203)
	at org.apache.maven.surefire.booter.ForkedBooter.runSuitesInProcess(ForkedBooter.java:155)
	at org.apache.maven.surefire.booter.ForkedBooter.main(ForkedBooter.java:103)
Caused by: org.xml.sax.SAXParseException; lineNumber: 32; columnNumber: 3; The element type &quot;e:propertyset&quot; must be terminated by the matching end-tag &quot;&lt;/e:propertyset&gt;&quot;.
	at com.sun.org.apache.xerces.internal.util.ErrorHandlerWrapper.createSAXParseException(ErrorHandlerWrapper.java:203)
	at com.sun.org.apache.xerces.internal.util.ErrorHandlerWrapper.fatalError(ErrorHandlerWrapper.java:177)
	at com.sun.org.apache.xerces.internal.impl.XMLErrorReporter.reportError(XMLErrorReporter.java:400)
	at com.sun.org.apache.xerces.internal.impl.XMLErrorReporter.reportError(XMLErrorReporter.java:327)
	at com.sun.org.apache.xerces.internal.impl.XMLScanner.reportFatalError(XMLScanner.java:1472)
	at com.sun.org.apache.xerces.internal.impl.XMLDocumentFragmentScannerImpl.scanEndElement(XMLDocumentFragmentScannerImpl.java:1749)
	at com.sun.org.apache.xerces.internal.impl.XMLDocumentFragmentScannerImpl$FragmentContentDriver.next(XMLDocumentFragmentScannerImpl.java:2967)
	at com.sun.org.apache.xerces.internal.impl.XMLDocumentScannerImpl.next(XMLDocumentScannerImpl.java:602)
	at com.sun.org.apache.xerces.internal.impl.XMLNSDocumentScannerImpl.next(XMLNSDocumentScannerImpl.java:112)
	at com.sun.org.apache.xerces.internal.impl.XMLDocumentFragmentScannerImpl.scanDocument(XMLDocumentFragmentScannerImpl.java:505)
	at com.sun.org.apache.xerces.internal.parsers.XML11Configuration.parse(XML11Configuration.java:841)
	at com.sun.org.apache.xerces.internal.parsers.XML11Configuration.parse(XML11Configuration.java:770)
	at com.sun.org.apache.xerces.internal.parsers.XMLParser.parse(XMLParser.java:141)
	at com.sun.org.apache.xerces.internal.parsers.DOMParser.parse(DOMParser.java:243)
	at com.sun.org.apache.xerces.internal.jaxp.DocumentBuilderImpl.parse(DocumentBuilderImpl.java:339)
	at org.fourthline.cling.transport.impl.GENAEventProcessorImpl.readBody(GENAEventProcessorImpl.java:99)
	... 29 more
</pre></div></td>
<td>0</td>
<td>org.fourthline.cling.test.gena.InvalidEventXMLProcessingTest@3bd550</td></tr>
<tr>
<td title='org.fourthline.cling.test.gena.InvalidEventXMLProcessingTest.readRecoverableFailure()'><b>readRecoverableFailure</b><br>Test class: org.fourthline.cling.test.gena.InvalidEventXMLProcessingTest<br>Parameters: /invalidxml/event/orange_liveradio.xml</td>
<td><div><pre>org.fourthline.cling.model.UnsupportedDataException: Can&apos;t transform message payload: The processing instruction target matching &quot;[xX][mM][lL]&quot; is not allowed.
	at org.fourthline.cling.transport.impl.GENAEventProcessorImpl.readBody(GENAEventProcessorImpl.java:108)
	at org.fourthline.cling.test.gena.InvalidEventXMLProcessingTest.read(InvalidEventXMLProcessingTest.java:177)
	at org.fourthline.cling.test.gena.InvalidEventXMLProcessingTest.readRecoverableFailure(InvalidEventXMLProcessingTest.java:94)
Caused by: org.xml.sax.SAXParseException; lineNumber: 11; columnNumber: 6; The processing instruction target matching &quot;[xX][mM][lL]&quot; is not allowed.
	at com.sun.org.apache.xerces.internal.util.ErrorHandlerWrapper.createSAXParseException(ErrorHandlerWrapper.java:203)
	at com.sun.org.apache.xerces.internal.util.ErrorHandlerWrapper.fatalError(ErrorHandlerWrapper.java:177)
	at com.sun.org.apache.xerces.internal.impl.XMLErrorReporter.reportError(XMLErrorReporter.java:400)
	at com.sun.org.apache.xerces.internal.impl.XMLErrorReporter.reportError(XMLErrorReporter.java:327)
	at com.sun.org.apache.xerces.internal.impl.XMLScanner.reportFatalError(XMLScanner.java:1472)
	at com.sun.org.apache.xerces.internal.impl.XMLScanner.scanPIData(XMLScanner.java:746)
	at com.sun.org.apache.xerces.internal.impl.XMLDocumentFragmentScannerImpl.scanPIData(XMLDocumentFragmentScannerImpl.java:1014)
	at com.sun.org.apache.xerces.internal.impl.XMLScanner.scanPI(XMLScanner.java:714)
	at com.sun.org.apache.xerces.internal.impl.XMLDocumentScannerImpl$PrologDriver.next(XMLDocumentScannerImpl.java:907)
	at com.sun.org.apache.xerces.internal.impl.XMLDocumentScannerImpl.next(XMLDocumentScannerImpl.java:602)
	at com.sun.org.apache.xerces.internal.impl.XMLNSDocumentScannerImpl.next(XMLNSDocumentScannerImpl.java:112)
	at com.sun.org.apache.xerces.internal.impl.XMLDocumentFragmentScannerImpl.scanDocument(XMLDocumentFragmentScannerImpl.java:505)
	at com.sun.org.apache.xerces.internal.parsers.XML11Configuration.parse(XML11Configuration.java:841)
	at com.sun.org.apache.xerces.internal.parsers.XML11Configuration.parse(XML11Configuration.java:770)
	at com.sun.org.apache.xerces.internal.parsers.XMLParser.parse(XMLParser.java:141)
	at com.sun.org.apache.xerces.internal.parsers.DOMParser.parse(DOMParser.java:243)
	at com.sun.org.apache.xerces.internal.jaxp.DocumentBuilderImpl.parse(DocumentBuilderImpl.java:339)
	at org.fourthline.cling.transport.impl.GENAEventProcessorImpl.readBody(GENAEventProcessorImpl.java:99)
	... 29 more
... Removed 27 stack frames</pre></div><a href='#' onClick='toggleBox("stack-trace13544916", this, "Click to show all stack frames", "Click to hide stack frames")'>Click to show all stack frames</a>
<div class='stack-trace' id='stack-trace13544916'><pre>org.fourthline.cling.model.UnsupportedDataException: Can&apos;t transform message payload: The processing instruction target matching &quot;[xX][mM][lL]&quot; is not allowed.
	at org.fourthline.cling.transport.impl.GENAEventProcessorImpl.readBody(GENAEventProcessorImpl.java:108)
	at org.fourthline.cling.test.gena.InvalidEventXMLProcessingTest.read(InvalidEventXMLProcessingTest.java:177)
	at org.fourthline.cling.test.gena.InvalidEventXMLProcessingTest.readRecoverableFailure(InvalidEventXMLProcessingTest.java:94)
	at sun.reflect.NativeMethodAccessorImpl.invoke0(Native Method)
	at sun.reflect.NativeMethodAccessorImpl.invoke(NativeMethodAccessorImpl.java:62)
	at sun.reflect.DelegatingMethodAccessorImpl.invoke(DelegatingMethodAccessorImpl.java:43)
	at java.lang.reflect.Method.invoke(Method.java:498)
	at org.testng.internal.MethodInvocationHelper.invokeMethod(MethodInvocationHelper.java:85)
	at org.testng.internal.Invoker.invokeMethod(Invoker.java:696)
	at org.testng.internal.Invoker.invokeTestMethod(Invoker.java:882)
	at org.testng.internal.Invoker.invokeTestMethods(Invoker.java:1189)
	at org.testng.internal.TestMethodWorker.invokeTestMethods(TestMethodWorker.java:124)
	at org.testng.internal.TestMethodWorker.run(TestMethodWorker.java:108)
	at org.testng.TestRunner.privateRun(TestRunner.java:767)
	at org.testng.TestRunner.run(TestRunner.java:617)
	at org.testng.SuiteRunner.runTest(SuiteRunner.java:348)
	at org.testng.SuiteRunner.runSequentially(SuiteRunner.java:343)
	at org.testng.SuiteRunner.privateRun(SuiteRunner.java:305)
	at org.testng.SuiteRunner.run(SuiteRunner.java:254)
	at org.testng.SuiteRunnerWorker.runSuite(SuiteRunnerWorker.java:52)
	at org.testng.SuiteRunnerWorker.run(SuiteRunnerWorker.java:86)
	at org.testng.TestNG.runSuitesSequentially(TestNG.java:1224)
	at org.testng.TestNG.runSuitesLocally(TestNG.java:1149)
	at org.testng.TestNG.run(TestNG.java:1057)
	at org.apache.maven.surefire.testng.TestNGExecutor.run(TestNGExecutor.java:295)
	at org.apache.maven.surefire.testng.TestNGXmlTestSuite.execute(TestNGXmlTestSuite.java:84)
	at org.apache.maven.surefire.testng.TestNGProvider.invoke(TestNGProvider.java:90)
	at org.apache.maven.surefire.booter.ForkedBooter.invokeProviderInSameClassLoader(ForkedBooter.java:203)
	at org.apache.maven.surefire.booter.ForkedBooter.runSuitesInProcess(ForkedBooter.java:155)
	at org.apache.maven.surefire.booter.ForkedBooter.main(ForkedBooter.java:103)
Caused by: org.xml.sax.SAXParseException; lineNumber: 11; columnNumber: 6; The processing instruction target matching &quot;[xX][mM][lL]&quot; is not allowed.
	at com.sun.org.apache.xerces.internal.util.ErrorHandlerWrapper.createSAXParseException(ErrorHandlerWrapper.java:203)
	at com.sun.org.apache.xerces.internal.util.ErrorHandlerWrapper.fatalError(ErrorHandlerWrapper.java:177)
	at com.sun.org.apache.xerces.internal.impl.XMLErrorReporter.reportError(XMLErrorReporter.java:400)
	at com.sun.org.apache.xerces.internal.impl.XMLErrorReporter.reportError(XMLErrorReporter.java:327)
	at com.sun.org.apache.xerces.internal.impl.XMLScanner.reportFatalError(XMLScanner.java:1472)
	at com.sun.org.apache.xerces.internal.impl.XMLScanner.scanPIData(XMLScanner.java:746)
	at com.sun.org.apache.xerces.internal.impl.XMLDocumentFragmentScannerImpl.scanPIData(XMLDocumentFragmentScannerImpl.java:1014)
	at com.sun.org.apache.xerces.internal.impl.XMLScanner.scanPI(XMLScanner.java:714)
	at com.sun.org.apache.xerces.internal.impl.XMLDocumentScannerImpl$PrologDriver.next(XMLDocumentScannerImpl.java:907)
	at com.sun.org.apache.xerces.internal.impl.XMLDocumentScannerImpl.next(XMLDocumentScannerImpl.java:602)
	at com.sun.org.apache.xerces.internal.impl.XMLNSDocumentScannerImpl.next(XMLNSDocumentScannerImpl.java:112)
	at com.sun.org.apache.xerces.internal.impl.XMLDocumentFragmentScannerImpl.scanDocument(XMLDocumentFragmentScannerImpl.java:505)
	at com.sun.org.apache.xerces.internal.parsers.XML11Configuration.parse(XML11Configuration.java:841)
	at com.sun.org.apache.xerces.internal.parsers.XML11Configuration.parse(XML11Configuration.java:770)
	at com.sun.org.apache.xerces.internal.parsers.XMLParser.parse(XMLParser.java:141)
	at com.sun.org.apache.xerces.internal.parsers.DOMParser.parse(DOMParser.java:243)
	at com.sun.org.apache.xerces.internal.jaxp.DocumentBuilderImpl.parse(DocumentBuilderImpl.java:339)
	at org.fourthline.cling.transport.impl.GENAEventProcessorImpl.readBody(GENAEventProcessorImpl.java:99)
	... 29 more
</pre></div></td>
<td>0</td>
<td>org.fourthline.cling.test.gena.InvalidEventXMLProcessingTest@3bd550</td></tr>
<tr>
<td title='org.fourthline.cling.test.gena.InvalidEventXMLProcessingTest.readRecovering()'><b>readRecovering</b><br>Test class: org.fourthline.cling.test.gena.InvalidEventXMLProcessingTest<br>Parameters: /invalidxml/event/truncated.xml</td>
<td></td>
<td>0</td>
<td>org.fourthline.cling.test.gena.InvalidEventXMLProcessingTest@3bd550</td></tr>
<tr>
<td title='org.fourthline.cling.test.gena.InvalidEventXMLProcessingTest.readRecovering()'><b>readRecovering</b><br>Test class: org.fourthline.cling.test.gena.InvalidEventXMLProcessingTest<br>Parameters: /invalidxml/event/orange_liveradio.xml</td>
<td></td>
<td>0</td>
<td>org.fourthline.cling.test.gena.InvalidEventXMLProcessingTest@3bd550</td></tr>
<tr>
<td title='org.fourthline.cling.test.gena.InvalidEventXMLProcessingTest.readRecoveringFailure()'><b>readRecoveringFailure</b><br>Test class: org.fourthline.cling.test.gena.InvalidEventXMLProcessingTest<br>Parameters: /invalidxml/event/unrecoverable/denon_avr4306.xml</td>
<td><div><pre>org.xmlpull.v1.XmlPullParserException: expected: &apos;&gt;&apos; actual: &apos;&amp;&apos; (position:START_TAG (empty) &lt;CurrentTrackDuration val=&apos;0:00:00&apos;&gt;@12:42 in java.io.InputStreamReader@1322f9d) 
	at org.kxml2.io.KXmlParser.exception(Unknown Source)
	at org.kxml2.io.KXmlParser.error(Unknown Source)
	at org.kxml2.io.KXmlParser.read(Unknown Source)
	at org.kxml2.io.KXmlParser.parseStartTag(Unknown Source)
	at org.kxml2.io.KXmlParser.nextImpl(Unknown Source)
	at org.kxml2.io.KXmlParser.next(Unknown Source)
	at org.fourthline.cling.test.gena.InvalidEventXMLProcessingTest.parseLastChangeXML(InvalidEventXMLProcessingTest.java:202)
	at org.fourthline.cling.test.gena.InvalidEventXMLProcessingTest.read(InvalidEventXMLProcessingTest.java:187)
	at org.fourthline.cling.test.gena.InvalidEventXMLProcessingTest.readRecoveringFailure(InvalidEventXMLProcessingTest.java:100)
... Removed 27 stack frames</pre></div><a href='#' onClick='toggleBox("stack-trace14165769", this, "Click to show all stack frames", "Click to hide stack frames")'>Click to show all stack frames</a>
<div class='stack-trace' id='stack-trace14165769'><pre>org.xmlpull.v1.XmlPullParserException: expected: &apos;&gt;&apos; actual: &apos;&amp;&apos; (position:START_TAG (empty) &lt;CurrentTrackDuration val=&apos;0:00:00&apos;&gt;@12:42 in java.io.InputStreamReader@1322f9d) 
	at org.kxml2.io.KXmlParser.exception(Unknown Source)
	at org.kxml2.io.KXmlParser.error(Unknown Source)
	at org.kxml2.io.KXmlParser.read(Unknown Source)
	at org.kxml2.io.KXmlParser.parseStartTag(Unknown Source)
	at org.kxml2.io.KXmlParser.nextImpl(Unknown Source)
	at org.kxml2.io.KXmlParser.next(Unknown Source)
	at org.fourthline.cling.test.gena.InvalidEventXMLProcessingTest.parseLastChangeXML(InvalidEventXMLProcessingTest.java:202)
	at org.fourthline.cling.test.gena.InvalidEventXMLProcessingTest.read(InvalidEventXMLProcessingTest.java:187)
	at org.fourthline.cling.test.gena.InvalidEventXMLProcessingTest.readRecoveringFailure(InvalidEventXMLProcessingTest.java:100)
	at sun.reflect.NativeMethodAccessorImpl.invoke0(Native Method)
	at sun.reflect.NativeMethodAccessorImpl.invoke(NativeMethodAccessorImpl.java:62)
	at sun.reflect.DelegatingMethodAccessorImpl.invoke(DelegatingMethodAccessorImpl.java:43)
	at java.lang.reflect.Method.invoke(Method.java:498)
	at org.testng.internal.MethodInvocationHelper.invokeMethod(MethodInvocationHelper.java:85)
	at org.testng.internal.Invoker.invokeMethod(Invoker.java:696)
	at org.testng.internal.Invoker.invokeTestMethod(Invoker.java:882)
	at org.testng.internal.Invoker.invokeTestMethods(Invoker.java:1189)
	at org.testng.internal.TestMethodWorker.invokeTestMethods(TestMethodWorker.java:124)
	at org.testng.internal.TestMethodWorker.run(TestMethodWorker.java:108)
	at org.testng.TestRunner.privateRun(TestRunner.java:767)
	at org.testng.TestRunner.run(TestRunner.java:617)
	at org.testng.SuiteRunner.runTest(SuiteRunner.java:348)
	at org.testng.SuiteRunner.runSequentially(SuiteRunner.java:343)
	at org.testng.SuiteRunner.privateRun(SuiteRunner.java:305)
	at org.testng.SuiteRunner.run(SuiteRunner.java:254)
	at org.testng.SuiteRunnerWorker.runSuite(SuiteRunnerWorker.java:52)
	at org.testng.SuiteRunnerWorker.run(SuiteRunnerWorker.java:86)
	at org.testng.TestNG.runSuitesSequentially(TestNG.java:1224)
	at org.testng.TestNG.runSuitesLocally(TestNG.java:1149)
	at org.testng.TestNG.run(TestNG.java:1057)
	at org.apache.maven.surefire.testng.TestNGExecutor.run(TestNGExecutor.java:295)
	at org.apache.maven.surefire.testng.TestNGXmlTestSuite.execute(TestNGXmlTestSuite.java:84)
	at org.apache.maven.surefire.testng.TestNGProvider.invoke(TestNGProvider.java:90)
	at org.apache.maven.surefire.booter.ForkedBooter.invokeProviderInSameClassLoader(ForkedBooter.java:203)
	at org.apache.maven.surefire.booter.ForkedBooter.runSuitesInProcess(ForkedBooter.java:155)
	at org.apache.maven.surefire.booter.ForkedBooter.main(ForkedBooter.java:103)
</pre></div></td>
<td>0</td>
<td>org.fourthline.cling.test.gena.InvalidEventXMLProcessingTest@3bd550</td></tr>
<tr>
<td title='org.fourthline.cling.test.gena.InvalidEventXMLProcessingTest.readRecoveringFailure()'><b>readRecoveringFailure</b><br>Test class: org.fourthline.cling.test.gena.InvalidEventXMLProcessingTest<br>Parameters: /invalidxml/event/unrecoverable/philips_np2900.xml</td>
<td><div><pre>org.fourthline.cling.model.UnsupportedDataException: Can&apos;t transform message payload: attr value delimiter missing! (position:START_TAG &lt;font size=&apos;urn:schemas-upnp-org:event-1-0&apos;&gt;@34:15 in java.io.InputStreamReader@162f559) 
	at org.fourthline.cling.transport.impl.PullGENAEventProcessorImpl.readBody(PullGENAEventProcessorImpl.java:61)
	at org.fourthline.cling.transport.impl.RecoveringGENAEventProcessorImpl.readBody(RecoveringGENAEventProcessorImpl.java:57)
	at org.fourthline.cling.test.gena.InvalidEventXMLProcessingTest.read(InvalidEventXMLProcessingTest.java:177)
	at org.fourthline.cling.test.gena.InvalidEventXMLProcessingTest.readRecoveringFailure(InvalidEventXMLProcessingTest.java:100)
Caused by: org.xmlpull.v1.XmlPullParserException: attr value delimiter missing! (position:START_TAG &lt;font size=&apos;urn:schemas-upnp-org:event-1-0&apos;&gt;@34:15 in java.io.InputStreamReader@162f559) 
	at org.kxml2.io.KXmlParser.exception(Unknown Source)
	at org.kxml2.io.KXmlParser.error(Unknown Source)
	at org.kxml2.io.KXmlParser.parseStartTag(Unknown Source)
	at org.kxml2.io.KXmlParser.nextImpl(Unknown Source)
	at org.kxml2.io.KXmlParser.next(Unknown Source)
	at org.kxml2.io.KXmlParser.nextText(Unknown Source)
	at org.fourthline.cling.transport.impl.PullGENAEventProcessorImpl.readProperty(PullGENAEventProcessorImpl.java:88)
	at org.fourthline.cling.transport.impl.PullGENAEventProcessorImpl.readProperties(PullGENAEventProcessorImpl.java:72)
	at org.fourthline.cling.transport.impl.PullGENAEventProcessorImpl.readBody(PullGENAEventProcessorImpl.java:59)
	... 30 more
... Removed 27 stack frames</pre></div><a href='#' onClick='toggleBox("stack-trace1542774", this, "Click to show all stack frames", "Click to hide stack frames")'>Click to show all stack frames</a>
<div class='stack-trace' id='stack-trace1542774'><pre>org.fourthline.cling.model.UnsupportedDataException: Can&apos;t transform message payload: attr value delimiter missing! (position:START_TAG &lt;font size=&apos;urn:schemas-upnp-org:event-1-0&apos;&gt;@34:15 in java.io.InputStreamReader@162f559) 
	at org.fourthline.cling.transport.impl.PullGENAEventProcessorImpl.readBody(PullGENAEventProcessorImpl.java:61)
	at org.fourthline.cling.transport.impl.RecoveringGENAEventProcessorImpl.readBody(RecoveringGENAEventProcessorImpl.java:57)
	at org.fourthline.cling.test.gena.InvalidEventXMLProcessingTest.read(InvalidEventXMLProcessingTest.java:177)
	at org.fourthline.cling.test.gena.InvalidEventXMLProcessingTest.readRecoveringFailure(InvalidEventXMLProcessingTest.java:100)
	at sun.reflect.NativeMethodAccessorImpl.invoke0(Native Method)
	at sun.reflect.NativeMethodAccessorImpl.invoke(NativeMethodAccessorImpl.java:62)
	at sun.reflect.DelegatingMethodAccessorImpl.invoke(DelegatingMethodAccessorImpl.java:43)
	at java.lang.reflect.Method.invoke(Method.java:498)
	at org.testng.internal.MethodInvocationHelper.invokeMethod(MethodInvocationHelper.java:85)
	at org.testng.internal.Invoker.invokeMethod(Invoker.java:696)
	at org.testng.internal.Invoker.invokeTestMethod(Invoker.java:882)
	at org.testng.internal.Invoker.invokeTestMethods(Invoker.java:1189)
	at org.testng.internal.TestMethodWorker.invokeTestMethods(TestMethodWorker.java:124)
	at org.testng.internal.TestMethodWorker.run(TestMethodWorker.java:108)
	at org.testng.TestRunner.privateRun(TestRunner.java:767)
	at org.testng.TestRunner.run(TestRunner.java:617)
	at org.testng.SuiteRunner.runTest(SuiteRunner.java:348)
	at org.testng.SuiteRunner.runSequentially(SuiteRunner.java:343)
	at org.testng.SuiteRunner.privateRun(SuiteRunner.java:305)
	at org.testng.SuiteRunner.run(SuiteRunner.java:254)
	at org.testng.SuiteRunnerWorker.runSuite(SuiteRunnerWorker.java:52)
	at org.testng.SuiteRunnerWorker.run(SuiteRunnerWorker.java:86)
	at org.testng.TestNG.runSuitesSequentially(TestNG.java:1224)
	at org.testng.TestNG.runSuitesLocally(TestNG.java:1149)
	at org.testng.TestNG.run(TestNG.java:1057)
	at org.apache.maven.surefire.testng.TestNGExecutor.run(TestNGExecutor.java:295)
	at org.apache.maven.surefire.testng.TestNGXmlTestSuite.execute(TestNGXmlTestSuite.java:84)
	at org.apache.maven.surefire.testng.TestNGProvider.invoke(TestNGProvider.java:90)
	at org.apache.maven.surefire.booter.ForkedBooter.invokeProviderInSameClassLoader(ForkedBooter.java:203)
	at org.apache.maven.surefire.booter.ForkedBooter.runSuitesInProcess(ForkedBooter.java:155)
	at org.apache.maven.surefire.booter.ForkedBooter.main(ForkedBooter.java:103)
Caused by: org.xmlpull.v1.XmlPullParserException: attr value delimiter missing! (position:START_TAG &lt;font size=&apos;urn:schemas-upnp-org:event-1-0&apos;&gt;@34:15 in java.io.InputStreamReader@162f559) 
	at org.kxml2.io.KXmlParser.exception(Unknown Source)
	at org.kxml2.io.KXmlParser.error(Unknown Source)
	at org.kxml2.io.KXmlParser.parseStartTag(Unknown Source)
	at org.kxml2.io.KXmlParser.nextImpl(Unknown Source)
	at org.kxml2.io.KXmlParser.next(Unknown Source)
	at org.kxml2.io.KXmlParser.nextText(Unknown Source)
	at org.fourthline.cling.transport.impl.PullGENAEventProcessorImpl.readProperty(PullGENAEventProcessorImpl.java:88)
	at org.fourthline.cling.transport.impl.PullGENAEventProcessorImpl.readProperties(PullGENAEventProcessorImpl.java:72)
	at org.fourthline.cling.transport.impl.PullGENAEventProcessorImpl.readBody(PullGENAEventProcessorImpl.java:59)
	... 30 more
</pre></div></td>
<td>0</td>
<td>org.fourthline.cling.test.gena.InvalidEventXMLProcessingTest@3bd550</td></tr>
<tr>
<td title='org.fourthline.cling.test.gena.InvalidEventXMLProcessingTest.readRecoveringFailure()'><b>readRecoveringFailure</b><br>Test class: org.fourthline.cling.test.gena.InvalidEventXMLProcessingTest<br>Parameters: /invalidxml/event/unrecoverable/philips_sla5220.xml</td>
<td><div><pre>org.xmlpull.v1.XmlPullParserException: Attr.value missing f. urn:schemas-upnp-org:metadata-1-0 (position:START_TAG &lt;CurrentTrackMetaData val=&apos;&lt;DIDL-Lite xmlns=&apos; urn:schemas-upnp-org:metadata-1-0=&apos;null&apos;&gt;@9:83 in java.io.InputStreamReader@7bddad) 
	at org.kxml2.io.KXmlParser.exception(Unknown Source)
	at org.kxml2.io.KXmlParser.error(Unknown Source)
	at org.kxml2.io.KXmlParser.parseStartTag(Unknown Source)
	at org.kxml2.io.KXmlParser.nextImpl(Unknown Source)
	at org.kxml2.io.KXmlParser.next(Unknown Source)
	at org.fourthline.cling.test.gena.InvalidEventXMLProcessingTest.parseLastChangeXML(InvalidEventXMLProcessingTest.java:202)
	at org.fourthline.cling.test.gena.InvalidEventXMLProcessingTest.read(InvalidEventXMLProcessingTest.java:187)
	at org.fourthline.cling.test.gena.InvalidEventXMLProcessingTest.readRecoveringFailure(InvalidEventXMLProcessingTest.java:100)
... Removed 27 stack frames</pre></div><a href='#' onClick='toggleBox("stack-trace20307623", this, "Click to show all stack frames", "Click to hide stack frames")'>Click to show all stack frames</a>
<div class='stack-trace' id='stack-trace20307623'><pre>org.xmlpull.v1.XmlPullParserException: Attr.value missing f. urn:schemas-upnp-org:metadata-1-0 (position:START_TAG &lt;CurrentTrackMetaData val=&apos;&lt;DIDL-Lite xmlns=&apos; urn:schemas-upnp-org:metadata-1-0=&apos;null&apos;&gt;@9:83 in java.io.InputStreamReader@7bddad) 
	at org.kxml2.io.KXmlParser.exception(Unknown Source)
	at org.kxml2.io.KXmlParser.error(Unknown Source)
	at org.kxml2.io.KXmlParser.parseStartTag(Unknown Source)
	at org.kxml2.io.KXmlParser.nextImpl(Unknown Source)
	at org.kxml2.io.KXmlParser.next(Unknown Source)
	at org.fourthline.cling.test.gena.InvalidEventXMLProcessingTest.parseLastChangeXML(InvalidEventXMLProcessingTest.java:202)
	at org.fourthline.cling.test.gena.InvalidEventXMLProcessingTest.read(InvalidEventXMLProcessingTest.java:187)
	at org.fourthline.cling.test.gena.InvalidEventXMLProcessingTest.readRecoveringFailure(InvalidEventXMLProcessingTest.java:100)
	at sun.reflect.NativeMethodAccessorImpl.invoke0(Native Method)
	at sun.reflect.NativeMethodAccessorImpl.invoke(NativeMethodAccessorImpl.java:62)
	at sun.reflect.DelegatingMethodAccessorImpl.invoke(DelegatingMethodAccessorImpl.java:43)
	at java.lang.reflect.Method.invoke(Method.java:498)
	at org.testng.internal.MethodInvocationHelper.invokeMethod(MethodInvocationHelper.java:85)
	at org.testng.internal.Invoker.invokeMethod(Invoker.java:696)
	at org.testng.internal.Invoker.invokeTestMethod(Invoker.java:882)
	at org.testng.internal.Invoker.invokeTestMethods(Invoker.java:1189)
	at org.testng.internal.TestMethodWorker.invokeTestMethods(TestMethodWorker.java:124)
	at org.testng.internal.TestMethodWorker.run(TestMethodWorker.java:108)
	at org.testng.TestRunner.privateRun(TestRunner.java:767)
	at org.testng.TestRunner.run(TestRunner.java:617)
	at org.testng.SuiteRunner.runTest(SuiteRunner.java:348)
	at org.testng.SuiteRunner.runSequentially(SuiteRunner.java:343)
	at org.testng.SuiteRunner.privateRun(SuiteRunner.java:305)
	at org.testng.SuiteRunner.run(SuiteRunner.java:254)
	at org.testng.SuiteRunnerWorker.runSuite(SuiteRunnerWorker.java:52)
	at org.testng.SuiteRunnerWorker.run(SuiteRunnerWorker.java:86)
	at org.testng.TestNG.runSuitesSequentially(TestNG.java:1224)
	at org.testng.TestNG.runSuitesLocally(TestNG.java:1149)
	at org.testng.TestNG.run(TestNG.java:1057)
	at org.apache.maven.surefire.testng.TestNGExecutor.run(TestNGExecutor.java:295)
	at org.apache.maven.surefire.testng.TestNGXmlTestSuite.execute(TestNGXmlTestSuite.java:84)
	at org.apache.maven.surefire.testng.TestNGProvider.invoke(TestNGProvider.java:90)
	at org.apache.maven.surefire.booter.ForkedBooter.invokeProviderInSameClassLoader(ForkedBooter.java:203)
	at org.apache.maven.surefire.booter.ForkedBooter.runSuitesInProcess(ForkedBooter.java:155)
	at org.apache.maven.surefire.booter.ForkedBooter.main(ForkedBooter.java:103)
</pre></div></td>
<td>0</td>
<td>org.fourthline.cling.test.gena.InvalidEventXMLProcessingTest@3bd550</td></tr>
<tr>
<td title='org.fourthline.cling.test.gena.InvalidEventXMLProcessingTest.readRecoveringFailure()'><b>readRecoveringFailure</b><br>Test class: org.fourthline.cling.test.gena.InvalidEventXMLProcessingTest<br>Parameters: /invalidxml/event/unrecoverable/terratec_noxon2.xml</td>
<td><div><pre>org.fourthline.cling.model.UnsupportedDataException: Can&apos;t transform message payload: name expected (position:START_TAG &lt;sEnvelopesencodingStyle&gt;@23:55 in java.io.InputStreamReader@313fcc) 
	at org.fourthline.cling.transport.impl.PullGENAEventProcessorImpl.readBody(PullGENAEventProcessorImpl.java:61)
	at org.fourthline.cling.transport.impl.RecoveringGENAEventProcessorImpl.readBody(RecoveringGENAEventProcessorImpl.java:57)
	at org.fourthline.cling.test.gena.InvalidEventXMLProcessingTest.read(InvalidEventXMLProcessingTest.java:177)
	at org.fourthline.cling.test.gena.InvalidEventXMLProcessingTest.readRecoveringFailure(InvalidEventXMLProcessingTest.java:100)
Caused by: org.xmlpull.v1.XmlPullParserException: name expected (position:START_TAG &lt;sEnvelopesencodingStyle&gt;@23:55 in java.io.InputStreamReader@313fcc) 
	at org.kxml2.io.KXmlParser.exception(Unknown Source)
	at org.kxml2.io.KXmlParser.error(Unknown Source)
	at org.kxml2.io.KXmlParser.readName(Unknown Source)
	at org.kxml2.io.KXmlParser.parseStartTag(Unknown Source)
	at org.kxml2.io.KXmlParser.nextImpl(Unknown Source)
	at org.kxml2.io.KXmlParser.next(Unknown Source)
	at org.kxml2.io.KXmlParser.nextText(Unknown Source)
	at org.fourthline.cling.transport.impl.PullGENAEventProcessorImpl.readProperty(PullGENAEventProcessorImpl.java:88)
	at org.fourthline.cling.transport.impl.PullGENAEventProcessorImpl.readProperties(PullGENAEventProcessorImpl.java:72)
	at org.fourthline.cling.transport.impl.PullGENAEventProcessorImpl.readBody(PullGENAEventProcessorImpl.java:59)
	... 30 more
... Removed 27 stack frames</pre></div><a href='#' onClick='toggleBox("stack-trace32619253", this, "Click to show all stack frames", "Click to hide stack frames")'>Click to show all stack frames</a>
<div class='stack-trace' id='stack-trace32619253'><pre>org.fourthline.cling.model.UnsupportedDataException: Can&apos;t transform message payload: name expected (position:START_TAG &lt;sEnvelopesencodingStyle&gt;@23:55 in java.io.InputStreamReader@313fcc) 
	at org.fourthline.cling.transport.impl.PullGENAEventProcessorImpl.readBody(PullGENAEventProcessorImpl.java:61)
	at org.fourthline.cling.transport.impl.RecoveringGENAEventProcessorImpl.readBody(RecoveringGENAEventProcessorImpl.java:57)
	at org.fourthline.cling.test.gena.InvalidEventXMLProcessingTest.read(InvalidEventXMLProcessingTest.java:177)
	at org.fourthline.cling.test.gena.InvalidEventXMLProcessingTest.readRecoveringFailure(InvalidEventXMLProcessingTest.java:100)
	at sun.reflect.NativeMethodAccessorImpl.invoke0(Native Method)
	at sun.reflect.NativeMethodAccessorImpl.invoke(NativeMethodAccessorImpl.java:62)
	at sun.reflect.DelegatingMethodAccessorImpl.invoke(DelegatingMethodAccessorImpl.java:43)
	at java.lang.reflect.Method.invoke(Method.java:498)
	at org.testng.internal.MethodInvocationHelper.invokeMethod(MethodInvocationHelper.java:85)
	at org.testng.internal.Invoker.invokeMethod(Invoker.java:696)
	at org.testng.internal.Invoker.invokeTestMethod(Invoker.java:882)
	at org.testng.internal.Invoker.invokeTestMethods(Invoker.java:1189)
	at org.testng.internal.TestMethodWorker.invokeTestMethods(TestMethodWorker.java:124)
	at org.testng.internal.TestMethodWorker.run(TestMethodWorker.java:108)
	at org.testng.TestRunner.privateRun(TestRunner.java:767)
	at org.testng.TestRunner.run(TestRunner.java:617)
	at org.testng.SuiteRunner.runTest(SuiteRunner.java:348)
	at org.testng.SuiteRunner.runSequentially(SuiteRunner.java:343)
	at org.testng.SuiteRunner.privateRun(SuiteRunner.java:305)
	at org.testng.SuiteRunner.run(SuiteRunner.java:254)
	at org.testng.SuiteRunnerWorker.runSuite(SuiteRunnerWorker.java:52)
	at org.testng.SuiteRunnerWorker.run(SuiteRunnerWorker.java:86)
	at org.testng.TestNG.runSuitesSequentially(TestNG.java:1224)
	at org.testng.TestNG.runSuitesLocally(TestNG.java:1149)
	at org.testng.TestNG.run(TestNG.java:1057)
	at org.apache.maven.surefire.testng.TestNGExecutor.run(TestNGExecutor.java:295)
	at org.apache.maven.surefire.testng.TestNGXmlTestSuite.execute(TestNGXmlTestSuite.java:84)
	at org.apache.maven.surefire.testng.TestNGProvider.invoke(TestNGProvider.java:90)
	at org.apache.maven.surefire.booter.ForkedBooter.invokeProviderInSameClassLoader(ForkedBooter.java:203)
	at org.apache.maven.surefire.booter.ForkedBooter.runSuitesInProcess(ForkedBooter.java:155)
	at org.apache.maven.surefire.booter.ForkedBooter.main(ForkedBooter.java:103)
Caused by: org.xmlpull.v1.XmlPullParserException: name expected (position:START_TAG &lt;sEnvelopesencodingStyle&gt;@23:55 in java.io.InputStreamReader@313fcc) 
	at org.kxml2.io.KXmlParser.exception(Unknown Source)
	at org.kxml2.io.KXmlParser.error(Unknown Source)
	at org.kxml2.io.KXmlParser.readName(Unknown Source)
	at org.kxml2.io.KXmlParser.parseStartTag(Unknown Source)
	at org.kxml2.io.KXmlParser.nextImpl(Unknown Source)
	at org.kxml2.io.KXmlParser.next(Unknown Source)
	at org.kxml2.io.KXmlParser.nextText(Unknown Source)
	at org.fourthline.cling.transport.impl.PullGENAEventProcessorImpl.readProperty(PullGENAEventProcessorImpl.java:88)
	at org.fourthline.cling.transport.impl.PullGENAEventProcessorImpl.readProperties(PullGENAEventProcessorImpl.java:72)
	at org.fourthline.cling.transport.impl.PullGENAEventProcessorImpl.readBody(PullGENAEventProcessorImpl.java:59)
	... 30 more
</pre></div></td>
<td>0</td>
<td>org.fourthline.cling.test.gena.InvalidEventXMLProcessingTest@3bd550</td></tr>
<tr>
<td title='org.fourthline.cling.test.gena.InvalidEventXMLProcessingTest.readRecoveringFailure()'><b>readRecoveringFailure</b><br>Test class: org.fourthline.cling.test.gena.InvalidEventXMLProcessingTest<br>Parameters: /invalidxml/event/unrecoverable/marantz_mcr603.xml</td>
<td><div><pre>org.xmlpull.v1.XmlPullParserException: unterminated entity ref (position:START_TAG &lt;CurrentTrackURI val=&apos;&apos;&gt;@19:129 in java.io.InputStreamReader@1b0dcab) 
	at org.kxml2.io.KXmlParser.exception(Unknown Source)
	at org.kxml2.io.KXmlParser.error(Unknown Source)
	at org.kxml2.io.KXmlParser.pushEntity(Unknown Source)
	at org.kxml2.io.KXmlParser.pushText(Unknown Source)
	at org.kxml2.io.KXmlParser.parseStartTag(Unknown Source)
	at org.kxml2.io.KXmlParser.nextImpl(Unknown Source)
	at org.kxml2.io.KXmlParser.next(Unknown Source)
	at org.fourthline.cling.test.gena.InvalidEventXMLProcessingTest.parseLastChangeXML(InvalidEventXMLProcessingTest.java:202)
	at org.fourthline.cling.test.gena.InvalidEventXMLProcessingTest.read(InvalidEventXMLProcessingTest.java:187)
	at org.fourthline.cling.test.gena.InvalidEventXMLProcessingTest.readRecoveringFailure(InvalidEventXMLProcessingTest.java:100)
... Removed 27 stack frames</pre></div><a href='#' onClick='toggleBox("stack-trace11526807", this, "Click to show all stack frames", "Click to hide stack frames")'>Click to show all stack frames</a>
<div class='stack-trace' id='stack-trace11526807'><pre>org.xmlpull.v1.XmlPullParserException: unterminated entity ref (position:START_TAG &lt;CurrentTrackURI val=&apos;&apos;&gt;@19:129 in java.io.InputStreamReader@1b0dcab) 
	at org.kxml2.io.KXmlParser.exception(Unknown Source)
	at org.kxml2.io.KXmlParser.error(Unknown Source)
	at org.kxml2.io.KXmlParser.pushEntity(Unknown Source)
	at org.kxml2.io.KXmlParser.pushText(Unknown Source)
	at org.kxml2.io.KXmlParser.parseStartTag(Unknown Source)
	at org.kxml2.io.KXmlParser.nextImpl(Unknown Source)
	at org.kxml2.io.KXmlParser.next(Unknown Source)
	at org.fourthline.cling.test.gena.InvalidEventXMLProcessingTest.parseLastChangeXML(InvalidEventXMLProcessingTest.java:202)
	at org.fourthline.cling.test.gena.InvalidEventXMLProcessingTest.read(InvalidEventXMLProcessingTest.java:187)
	at org.fourthline.cling.test.gena.InvalidEventXMLProcessingTest.readRecoveringFailure(InvalidEventXMLProcessingTest.java:100)
	at sun.reflect.NativeMethodAccessorImpl.invoke0(Native Method)
	at sun.reflect.NativeMethodAccessorImpl.invoke(NativeMethodAccessorImpl.java:62)
	at sun.reflect.DelegatingMethodAccessorImpl.invoke(DelegatingMethodAccessorImpl.java:43)
	at java.lang.reflect.Method.invoke(Method.java:498)
	at org.testng.internal.MethodInvocationHelper.invokeMethod(MethodInvocationHelper.java:85)
	at org.testng.internal.Invoker.invokeMethod(Invoker.java:696)
	at org.testng.internal.Invoker.invokeTestMethod(Invoker.java:882)
	at org.testng.internal.Invoker.invokeTestMethods(Invoker.java:1189)
	at org.testng.internal.TestMethodWorker.invokeTestMethods(TestMethodWorker.java:124)
	at org.testng.internal.TestMethodWorker.run(TestMethodWorker.java:108)
	at org.testng.TestRunner.privateRun(TestRunner.java:767)
	at org.testng.TestRunner.run(TestRunner.java:617)
	at org.testng.SuiteRunner.runTest(SuiteRunner.java:348)
	at org.testng.SuiteRunner.runSequentially(SuiteRunner.java:343)
	at org.testng.SuiteRunner.privateRun(SuiteRunner.java:305)
	at org.testng.SuiteRunner.run(SuiteRunner.java:254)
	at org.testng.SuiteRunnerWorker.runSuite(SuiteRunnerWorker.java:52)
	at org.testng.SuiteRunnerWorker.run(SuiteRunnerWorker.java:86)
	at org.testng.TestNG.runSuitesSequentially(TestNG.java:1224)
	at org.testng.TestNG.runSuitesLocally(TestNG.java:1149)
	at org.testng.TestNG.run(TestNG.java:1057)
	at org.apache.maven.surefire.testng.TestNGExecutor.run(TestNGExecutor.java:295)
	at org.apache.maven.surefire.testng.TestNGXmlTestSuite.execute(TestNGXmlTestSuite.java:84)
	at org.apache.maven.surefire.testng.TestNGProvider.invoke(TestNGProvider.java:90)
	at org.apache.maven.surefire.booter.ForkedBooter.invokeProviderInSameClassLoader(ForkedBooter.java:203)
	at org.apache.maven.surefire.booter.ForkedBooter.runSuitesInProcess(ForkedBooter.java:155)
	at org.apache.maven.surefire.booter.ForkedBooter.main(ForkedBooter.java:103)
</pre></div></td>
<td>0</td>
<td>org.fourthline.cling.test.gena.InvalidEventXMLProcessingTest@3bd550</td></tr>
<tr>
<td title='org.fourthline.cling.test.gena.InvalidEventXMLProcessingTest.readRecoveringFailure()'><b>readRecoveringFailure</b><br>Test class: org.fourthline.cling.test.gena.InvalidEventXMLProcessingTest<br>Parameters: /invalidxml/event/unrecoverable/teac_wap4500.xml</td>
<td><div><pre>org.fourthline.cling.model.UnsupportedDataException: Can&apos;t transform message payload: Attr.value missing f. urn:schemas-upnp-org:metadata-1-0 (position:START_TAG &lt;AVTransportURIMetaData val=&apos;&lt;DIDL-Lite xmlns=&apos; urn:schemas-upnp-org:metadata-1-0=&apos;null&apos;&gt;@14:81 in java.io.InputStreamReader@325e14) 
	at org.fourthline.cling.transport.impl.PullGENAEventProcessorImpl.readBody(PullGENAEventProcessorImpl.java:61)
	at org.fourthline.cling.transport.impl.RecoveringGENAEventProcessorImpl.readBody(RecoveringGENAEventProcessorImpl.java:57)
	at org.fourthline.cling.test.gena.InvalidEventXMLProcessingTest.read(InvalidEventXMLProcessingTest.java:177)
	at org.fourthline.cling.test.gena.InvalidEventXMLProcessingTest.readRecoveringFailure(InvalidEventXMLProcessingTest.java:100)
Caused by: org.xmlpull.v1.XmlPullParserException: Attr.value missing f. urn:schemas-upnp-org:metadata-1-0 (position:START_TAG &lt;AVTransportURIMetaData val=&apos;&lt;DIDL-Lite xmlns=&apos; urn:schemas-upnp-org:metadata-1-0=&apos;null&apos;&gt;@14:81 in java.io.InputStreamReader@325e14) 
	at org.kxml2.io.KXmlParser.exception(Unknown Source)
	at org.kxml2.io.KXmlParser.error(Unknown Source)
	at org.kxml2.io.KXmlParser.parseStartTag(Unknown Source)
	at org.kxml2.io.KXmlParser.nextImpl(Unknown Source)
	at org.kxml2.io.KXmlParser.next(Unknown Source)
	at org.fourthline.cling.transport.impl.PullGENAEventProcessorImpl.readProperties(PullGENAEventProcessorImpl.java:69)
	at org.fourthline.cling.transport.impl.PullGENAEventProcessorImpl.readBody(PullGENAEventProcessorImpl.java:59)
	... 30 more
... Removed 27 stack frames</pre></div><a href='#' onClick='toggleBox("stack-trace30005474", this, "Click to show all stack frames", "Click to hide stack frames")'>Click to show all stack frames</a>
<div class='stack-trace' id='stack-trace30005474'><pre>org.fourthline.cling.model.UnsupportedDataException: Can&apos;t transform message payload: Attr.value missing f. urn:schemas-upnp-org:metadata-1-0 (position:START_TAG &lt;AVTransportURIMetaData val=&apos;&lt;DIDL-Lite xmlns=&apos; urn:schemas-upnp-org:metadata-1-0=&apos;null&apos;&gt;@14:81 in java.io.InputStreamReader@325e14) 
	at org.fourthline.cling.transport.impl.PullGENAEventProcessorImpl.readBody(PullGENAEventProcessorImpl.java:61)
	at org.fourthline.cling.transport.impl.RecoveringGENAEventProcessorImpl.readBody(RecoveringGENAEventProcessorImpl.java:57)
	at org.fourthline.cling.test.gena.InvalidEventXMLProcessingTest.read(InvalidEventXMLProcessingTest.java:177)
	at org.fourthline.cling.test.gena.InvalidEventXMLProcessingTest.readRecoveringFailure(InvalidEventXMLProcessingTest.java:100)
	at sun.reflect.NativeMethodAccessorImpl.invoke0(Native Method)
	at sun.reflect.NativeMethodAccessorImpl.invoke(NativeMethodAccessorImpl.java:62)
	at sun.reflect.DelegatingMethodAccessorImpl.invoke(DelegatingMethodAccessorImpl.java:43)
	at java.lang.reflect.Method.invoke(Method.java:498)
	at org.testng.internal.MethodInvocationHelper.invokeMethod(MethodInvocationHelper.java:85)
	at org.testng.internal.Invoker.invokeMethod(Invoker.java:696)
	at org.testng.internal.Invoker.invokeTestMethod(Invoker.java:882)
	at org.testng.internal.Invoker.invokeTestMethods(Invoker.java:1189)
	at org.testng.internal.TestMethodWorker.invokeTestMethods(TestMethodWorker.java:124)
	at org.testng.internal.TestMethodWorker.run(TestMethodWorker.java:108)
	at org.testng.TestRunner.privateRun(TestRunner.java:767)
	at org.testng.TestRunner.run(TestRunner.java:617)
	at org.testng.SuiteRunner.runTest(SuiteRunner.java:348)
	at org.testng.SuiteRunner.runSequentially(SuiteRunner.java:343)
	at org.testng.SuiteRunner.privateRun(SuiteRunner.java:305)
	at org.testng.SuiteRunner.run(SuiteRunner.java:254)
	at org.testng.SuiteRunnerWorker.runSuite(SuiteRunnerWorker.java:52)
	at org.testng.SuiteRunnerWorker.run(SuiteRunnerWorker.java:86)
	at org.testng.TestNG.runSuitesSequentially(TestNG.java:1224)
	at org.testng.TestNG.runSuitesLocally(TestNG.java:1149)
	at org.testng.TestNG.run(TestNG.java:1057)
	at org.apache.maven.surefire.testng.TestNGExecutor.run(TestNGExecutor.java:295)
	at org.apache.maven.surefire.testng.TestNGXmlTestSuite.execute(TestNGXmlTestSuite.java:84)
	at org.apache.maven.surefire.testng.TestNGProvider.invoke(TestNGProvider.java:90)
	at org.apache.maven.surefire.booter.ForkedBooter.invokeProviderInSameClassLoader(ForkedBooter.java:203)
	at org.apache.maven.surefire.booter.ForkedBooter.runSuitesInProcess(ForkedBooter.java:155)
	at org.apache.maven.surefire.booter.ForkedBooter.main(ForkedBooter.java:103)
Caused by: org.xmlpull.v1.XmlPullParserException: Attr.value missing f. urn:schemas-upnp-org:metadata-1-0 (position:START_TAG &lt;AVTransportURIMetaData val=&apos;&lt;DIDL-Lite xmlns=&apos; urn:schemas-upnp-org:metadata-1-0=&apos;null&apos;&gt;@14:81 in java.io.InputStreamReader@325e14) 
	at org.kxml2.io.KXmlParser.exception(Unknown Source)
	at org.kxml2.io.KXmlParser.error(Unknown Source)
	at org.kxml2.io.KXmlParser.parseStartTag(Unknown Source)
	at org.kxml2.io.KXmlParser.nextImpl(Unknown Source)
	at org.kxml2.io.KXmlParser.next(Unknown Source)
	at org.fourthline.cling.transport.impl.PullGENAEventProcessorImpl.readProperties(PullGENAEventProcessorImpl.java:69)
	at org.fourthline.cling.transport.impl.PullGENAEventProcessorImpl.readBody(PullGENAEventProcessorImpl.java:59)
	... 30 more
</pre></div></td>
<td>0</td>
<td>org.fourthline.cling.test.gena.InvalidEventXMLProcessingTest@3bd550</td></tr>
<tr>
<td title='org.fourthline.cling.test.gena.InvalidEventXMLProcessingTest.readRecoveringFailure()'><b>readRecoveringFailure</b><br>Test class: org.fourthline.cling.test.gena.InvalidEventXMLProcessingTest<br>Parameters: /invalidxml/event/unrecoverable/technisat_digi_hd8+.xml</td>
<td><div><pre>org.fourthline.cling.model.UnsupportedDataException: Can&apos;t transform message payload: name expected (position:START_TAG &lt;CurrentTrackMetaData val=&apos;&lt;DIDL-Lite&apos; xmlns=&apos;urn:schemas-upnp-org:metadata-1-0/DIDL-Lite/&apos; xmlns:dc=&apos;http://purl.org/dc/elements/1.1/&apos; xmlns:upnp=&apos;urn:schemas-upnp-org:metadata-1-0/upnp/&apos;&gt;@12:320 in java.io.InputStreamReader@2fc1d) 
	at org.fourthline.cling.transport.impl.PullGENAEventProcessorImpl.readBody(PullGENAEventProcessorImpl.java:61)
	at org.fourthline.cling.transport.impl.RecoveringGENAEventProcessorImpl.readBody(RecoveringGENAEventProcessorImpl.java:57)
	at org.fourthline.cling.test.gena.InvalidEventXMLProcessingTest.read(InvalidEventXMLProcessingTest.java:177)
	at org.fourthline.cling.test.gena.InvalidEventXMLProcessingTest.readRecoveringFailure(InvalidEventXMLProcessingTest.java:100)
Caused by: org.xmlpull.v1.XmlPullParserException: name expected (position:START_TAG &lt;CurrentTrackMetaData val=&apos;&lt;DIDL-Lite&apos; xmlns=&apos;urn:schemas-upnp-org:metadata-1-0/DIDL-Lite/&apos; xmlns:dc=&apos;http://purl.org/dc/elements/1.1/&apos; xmlns:upnp=&apos;urn:schemas-upnp-org:metadata-1-0/upnp/&apos;&gt;@12:320 in java.io.InputStreamReader@2fc1d) 
	at org.kxml2.io.KXmlParser.exception(Unknown Source)
	at org.kxml2.io.KXmlParser.error(Unknown Source)
	at org.kxml2.io.KXmlParser.readName(Unknown Source)
	at org.kxml2.io.KXmlParser.parseStartTag(Unknown Source)
	at org.kxml2.io.KXmlParser.nextImpl(Unknown Source)
	at org.kxml2.io.KXmlParser.next(Unknown Source)
	at org.fourthline.cling.transport.impl.PullGENAEventProcessorImpl.readProperties(PullGENAEventProcessorImpl.java:69)
	at org.fourthline.cling.transport.impl.PullGENAEventProcessorImpl.readBody(PullGENAEventProcessorImpl.java:59)
	... 30 more
... Removed 27 stack frames</pre></div><a href='#' onClick='toggleBox("stack-trace21645255", this, "Click to show all stack frames", "Click to hide stack frames")'>Click to show all stack frames</a>
<div class='stack-trace' id='stack-trace21645255'><pre>org.fourthline.cling.model.UnsupportedDataException: Can&apos;t transform message payload: name expected (position:START_TAG &lt;CurrentTrackMetaData val=&apos;&lt;DIDL-Lite&apos; xmlns=&apos;urn:schemas-upnp-org:metadata-1-0/DIDL-Lite/&apos; xmlns:dc=&apos;http://purl.org/dc/elements/1.1/&apos; xmlns:upnp=&apos;urn:schemas-upnp-org:metadata-1-0/upnp/&apos;&gt;@12:320 in java.io.InputStreamReader@2fc1d) 
	at org.fourthline.cling.transport.impl.PullGENAEventProcessorImpl.readBody(PullGENAEventProcessorImpl.java:61)
	at org.fourthline.cling.transport.impl.RecoveringGENAEventProcessorImpl.readBody(RecoveringGENAEventProcessorImpl.java:57)
	at org.fourthline.cling.test.gena.InvalidEventXMLProcessingTest.read(InvalidEventXMLProcessingTest.java:177)
	at org.fourthline.cling.test.gena.InvalidEventXMLProcessingTest.readRecoveringFailure(InvalidEventXMLProcessingTest.java:100)
	at sun.reflect.NativeMethodAccessorImpl.invoke0(Native Method)
	at sun.reflect.NativeMethodAccessorImpl.invoke(NativeMethodAccessorImpl.java:62)
	at sun.reflect.DelegatingMethodAccessorImpl.invoke(DelegatingMethodAccessorImpl.java:43)
	at java.lang.reflect.Method.invoke(Method.java:498)
	at org.testng.internal.MethodInvocationHelper.invokeMethod(MethodInvocationHelper.java:85)
	at org.testng.internal.Invoker.invokeMethod(Invoker.java:696)
	at org.testng.internal.Invoker.invokeTestMethod(Invoker.java:882)
	at org.testng.internal.Invoker.invokeTestMethods(Invoker.java:1189)
	at org.testng.internal.TestMethodWorker.invokeTestMethods(TestMethodWorker.java:124)
	at org.testng.internal.TestMethodWorker.run(TestMethodWorker.java:108)
	at org.testng.TestRunner.privateRun(TestRunner.java:767)
	at org.testng.TestRunner.run(TestRunner.java:617)
	at org.testng.SuiteRunner.runTest(SuiteRunner.java:348)
	at org.testng.SuiteRunner.runSequentially(SuiteRunner.java:343)
	at org.testng.SuiteRunner.privateRun(SuiteRunner.java:305)
	at org.testng.SuiteRunner.run(SuiteRunner.java:254)
	at org.testng.SuiteRunnerWorker.runSuite(SuiteRunnerWorker.java:52)
	at org.testng.SuiteRunnerWorker.run(SuiteRunnerWorker.java:86)
	at org.testng.TestNG.runSuitesSequentially(TestNG.java:1224)
	at org.testng.TestNG.runSuitesLocally(TestNG.java:1149)
	at org.testng.TestNG.run(TestNG.java:1057)
	at org.apache.maven.surefire.testng.TestNGExecutor.run(TestNGExecutor.java:295)
	at org.apache.maven.surefire.testng.TestNGXmlTestSuite.execute(TestNGXmlTestSuite.java:84)
	at org.apache.maven.surefire.testng.TestNGProvider.invoke(TestNGProvider.java:90)
	at org.apache.maven.surefire.booter.ForkedBooter.invokeProviderInSameClassLoader(ForkedBooter.java:203)
	at org.apache.maven.surefire.booter.ForkedBooter.runSuitesInProcess(ForkedBooter.java:155)
	at org.apache.maven.surefire.booter.ForkedBooter.main(ForkedBooter.java:103)
Caused by: org.xmlpull.v1.XmlPullParserException: name expected (position:START_TAG &lt;CurrentTrackMetaData val=&apos;&lt;DIDL-Lite&apos; xmlns=&apos;urn:schemas-upnp-org:metadata-1-0/DIDL-Lite/&apos; xmlns:dc=&apos;http://purl.org/dc/elements/1.1/&apos; xmlns:upnp=&apos;urn:schemas-upnp-org:metadata-1-0/upnp/&apos;&gt;@12:320 in java.io.InputStreamReader@2fc1d) 
	at org.kxml2.io.KXmlParser.exception(Unknown Source)
	at org.kxml2.io.KXmlParser.error(Unknown Source)
	at org.kxml2.io.KXmlParser.readName(Unknown Source)
	at org.kxml2.io.KXmlParser.parseStartTag(Unknown Source)
	at org.kxml2.io.KXmlParser.nextImpl(Unknown Source)
	at org.kxml2.io.KXmlParser.next(Unknown Source)
	at org.fourthline.cling.transport.impl.PullGENAEventProcessorImpl.readProperties(PullGENAEventProcessorImpl.java:69)
	at org.fourthline.cling.transport.impl.PullGENAEventProcessorImpl.readBody(PullGENAEventProcessorImpl.java:59)
	... 30 more
</pre></div></td>
<td>0</td>
<td>org.fourthline.cling.test.gena.InvalidEventXMLProcessingTest@3bd550</td></tr>
<tr>
<td title='org.fourthline.cling.test.gena.IncomingSubscriptionLifecycleTest.subscriptionLifecycle()'><b>subscriptionLifecycle</b><br>Test class: org.fourthline.cling.test.gena.IncomingSubscriptionLifecycleTest</td>
<td></td>
<td>0</td>
<td>org.fourthline.cling.test.gena.IncomingSubscriptionLifecycleTest@1ce4f0a</td></tr>
<tr>
<td title='org.fourthline.cling.test.gena.OutgoingSubscriptionLifecycleTest.subscriptionLifecycle()'><b>subscriptionLifecycle</b><br>Test class: org.fourthline.cling.test.gena.OutgoingSubscriptionLifecycleTest</td>
<td></td>
<td>0</td>
<td>org.fourthline.cling.test.gena.OutgoingSubscriptionLifecycleTest@11161c7</td></tr>
<tr>
<td title='org.fourthline.cling.test.gena.IncomingSubscriptionLifecycleTest.subscriptionLifecycleFailedResponse()'><b>subscriptionLifecycleFailedResponse</b><br>Test class: org.fourthline.cling.test.gena.IncomingSubscriptionLifecycleTest</td>
<td></td>
<td>0</td>
<td>org.fourthline.cling.test.gena.IncomingSubscriptionLifecycleTest@1ce4f0a</td></tr>
<tr>
<td title='org.fourthline.cling.test.gena.OutgoingSubscriptionFailureTest.subscriptionLifecycleMissedEvent()'><b>subscriptionLifecycleMissedEvent</b><br>Test class: org.fourthline.cling.test.gena.OutgoingSubscriptionFailureTest</td>
<td></td>
<td>0</td>
<td>org.fourthline.cling.test.gena.OutgoingSubscriptionFailureTest@3a8624</td></tr>
<tr>
<td title='org.fourthline.cling.test.gena.OutgoingSubscriptionFailureTest.subscriptionLifecycleNetworkOff()'><b>subscriptionLifecycleNetworkOff</b><br>Test class: org.fourthline.cling.test.gena.OutgoingSubscriptionFailureTest</td>
<td></td>
<td>0</td>
<td>org.fourthline.cling.test.gena.OutgoingSubscriptionFailureTest@3a8624</td></tr>
<tr>
<td title='org.fourthline.cling.test.gena.OutgoingSubscriptionLifecycleTest.subscriptionLifecycleNotifyBeforeResponse()'><b>subscriptionLifecycleNotifyBeforeResponse</b><br>Test class: org.fourthline.cling.test.gena.OutgoingSubscriptionLifecycleTest</td>
<td></td>
<td>1</td>
<td>org.fourthline.cling.test.gena.OutgoingSubscriptionLifecycleTest@11161c7</td></tr>
<tr>
<td title='org.fourthline.cling.test.gena.EventXMLProcessingTest.writeReadRequest()'><b>writeReadRequest</b><br>Test class: org.fourthline.cling.test.gena.EventXMLProcessingTest</td>
<td></td>
<td>0</td>
<td>org.fourthline.cling.test.gena.EventXMLProcessingTest@4ed9f0</td></tr>
<tr>
<td title='org.fourthline.cling.test.gena.EventXMLProcessingTest.writeReadRequestPull()'><b>writeReadRequestPull</b><br>Test class: org.fourthline.cling.test.gena.EventXMLProcessingTest</td>
<td></td>
<td>0</td>
<td>org.fourthline.cling.test.gena.EventXMLProcessingTest@4ed9f0</td></tr>
<tr>
<td title='org.fourthline.cling.test.gena.EventXMLProcessingTest.writeReadRequestRecovering()'><b>writeReadRequestRecovering</b><br>Test class: org.fourthline.cling.test.gena.EventXMLProcessingTest</td>
<td></td>
<td>0</td>
<td>org.fourthline.cling.test.gena.EventXMLProcessingTest@4ed9f0</td></tr>
</table><p>
</body>
</html>