-------------------------------------------------------------------------------
Test set: TestSuite
-------------------------------------------------------------------------------
Tests run: 340, Failures: 1, Errors: 0, Skipped: 0, Time elapsed: 75.992 sec <<< FAILURE! - in TestSuite
waitForRefresh(org.fourthline.cling.test.local.LocalDeviceBindingAdvertisementTest)  Time elapsed: 2.133 sec  <<< FAILURE!
java.lang.AssertionError: expected [true] but found [false]
	at org.testng.Assert.fail(Assert.java:94)
	at org.testng.Assert.failNotEquals(Assert.java:494)
	at org.testng.Assert.assertTrue(Assert.java:42)
	at org.testng.Assert.assertTrue(Assert.java:52)
	at org.fourthline.cling.test.local.LocalDeviceBindingAdvertisementTest.waitForRefresh(LocalDeviceBindingAdvertisementTest.java:111)

